<?xml version="1.0" encoding="UTF-8"?>
<!-- Generated by org.testng.reporters.JUnitReportReporter -->
<testsuite hostname="QT-INBG-LT1065" failures="0" tests="1" name="mobile_world.Signup" time="6.203" errors="0" timestamp="2022-09-16T18:15:48 IST" skipped="0">
  <testcase classname="mobile_world.Signup" name="register" time="6.203"/>
  <system-out/>
</testsuite> <!-- mobile_world.Signup -->
