<?xml version="1.0" encoding="UTF-8"?>
<!-- Generated by org.testng.reporters.JUnitReportReporter -->
<testsuite hostname="QT-INBG-LT1065" failures="0" tests="1" name="mobile_world.Home_page" time="4.080" errors="0" timestamp="2022-09-16T10:26:40 IST" skipped="0">
  <testcase classname="mobile_world.Home_page" name="register" time="4.080"/>
  <system-out/>
</testsuite> <!-- mobile_world.Home_page -->
