<?xml version="1.0" encoding="UTF-8"?>
<!-- Generated by org.testng.reporters.JUnitReportReporter -->
<testsuite hostname="QT-INBG-LT1065" failures="0" tests="8" name="mobile_world.homepage" time="51.067" errors="0" timestamp="2022-09-19T17:24:13 IST" skipped="0">
  <testcase classname="mobile_world.homepage" name="homepage01" time="5.604"/>
  <system-out/>
  <testcase classname="mobile_world.homepage" name="homepage05" time="8.047"/>
  <system-out/>
  <testcase classname="mobile_world.homepage" name="homepage08" time="3.340"/>
  <system-out/>
  <testcase classname="mobile_world.homepage" name="homepage04" time="6.036"/>
  <system-out/>
  <testcase classname="mobile_world.homepage" name="homepage06" time="6.022"/>
  <system-out/>
  <testcase classname="mobile_world.homepage" name="homepage07" time="8.076"/>
  <system-out/>
  <testcase classname="mobile_world.homepage" name="homepage02" time="7.906"/>
  <system-out/>
  <testcase classname="mobile_world.homepage" name="homepage03" time="6.036"/>
  <system-out/>
</testsuite> <!-- mobile_world.homepage -->
